2019-08-07 16:47:16,713 INFO  [Log] **************************************************************************************** 
2019-08-07 16:47:16,715 INFO  [Log] **************************************************************************************** 
2019-08-07 16:47:16,715 INFO  [Log] $$$$$$$$$$$$$$$$$$$$$                 loginTest       $$$$$$$$$$$$$$$$$$$$$$$$$ 
2019-08-07 16:47:16,716 INFO  [Log] **************************************************************************************** 
2019-08-07 16:47:16,716 INFO  [Log] **************************************************************************************** 
2019-08-07 16:48:57,950 INFO  [Log] XXXXXXXXXXXXXXXXXXXXXXX             -E---N---D-             XXXXXXXXXXXXXXXXXXXXXX 
2019-08-07 16:48:57,952 INFO  [Log] X 
2019-08-07 16:48:57,954 INFO  [Log] X 
2019-08-07 16:48:57,954 INFO  [Log] X 
2019-08-07 16:48:57,954 INFO  [Log] X 
2019-08-07 16:48:57,960 INFO  [Log] **************************************************************************************** 
2019-08-07 16:48:57,961 INFO  [Log] **************************************************************************************** 
2019-08-07 16:48:57,962 INFO  [Log] $$$$$$$$$$$$$$$$$$$$$                 loginTest       $$$$$$$$$$$$$$$$$$$$$$$$$ 
2019-08-07 16:48:57,962 INFO  [Log] **************************************************************************************** 
2019-08-07 16:48:57,962 INFO  [Log] **************************************************************************************** 
2019-08-07 16:48:57,975 INFO  [Log] XXXXXXXXXXXXXXXXXXXXXXX             -E---N---D-             XXXXXXXXXXXXXXXXXXXXXX 
2019-08-07 16:48:57,975 INFO  [Log] X 
2019-08-07 16:48:57,976 INFO  [Log] X 
2019-08-07 16:48:57,976 INFO  [Log] X 
2019-08-07 16:48:57,976 INFO  [Log] X 
2019-08-07 16:49:11,545 INFO  [Log] **************************************************************************************** 
2019-08-07 16:49:11,546 INFO  [Log] **************************************************************************************** 
2019-08-07 16:49:11,547 INFO  [Log] $$$$$$$$$$$$$$$$$$$$$                 loginTest       $$$$$$$$$$$$$$$$$$$$$$$$$ 
2019-08-07 16:49:11,547 INFO  [Log] **************************************************************************************** 
2019-08-07 16:49:11,547 INFO  [Log] **************************************************************************************** 
2019-08-07 16:53:44,413 INFO  [Log] XXXXXXXXXXXXXXXXXXXXXXX             -E---N---D-             XXXXXXXXXXXXXXXXXXXXXX 
2019-08-07 16:53:44,413 INFO  [Log] X 
2019-08-07 16:53:44,418 INFO  [Log] X 
2019-08-07 16:53:44,419 INFO  [Log] X 
2019-08-07 16:53:44,419 INFO  [Log] X 
2019-08-07 16:55:22,330 INFO  [Log] **************************************************************************************** 
2019-08-07 16:55:22,331 INFO  [Log] **************************************************************************************** 
2019-08-07 16:55:22,332 INFO  [Log] $$$$$$$$$$$$$$$$$$$$$                 loginTest       $$$$$$$$$$$$$$$$$$$$$$$$$ 
2019-08-07 16:55:22,333 INFO  [Log] **************************************************************************************** 
2019-08-07 16:55:22,334 INFO  [Log] **************************************************************************************** 
2019-08-07 16:57:48,764 INFO  [Log] XXXXXXXXXXXXXXXXXXXXXXX             -E---N---D-             XXXXXXXXXXXXXXXXXXXXXX 
2019-08-07 16:57:48,764 INFO  [Log] X 
2019-08-07 16:57:48,768 INFO  [Log] X 
2019-08-07 16:57:48,768 INFO  [Log] X 
2019-08-07 16:57:48,768 INFO  [Log] X 
2019-08-07 16:59:08,252 INFO  [Log] **************************************************************************************** 
2019-08-07 16:59:08,253 INFO  [Log] **************************************************************************************** 
2019-08-07 16:59:08,253 INFO  [Log] $$$$$$$$$$$$$$$$$$$$$                 loginTest       $$$$$$$$$$$$$$$$$$$$$$$$$ 
2019-08-07 16:59:08,253 INFO  [Log] **************************************************************************************** 
2019-08-07 16:59:08,253 INFO  [Log] **************************************************************************************** 
2019-08-07 17:02:41,593 INFO  [Log] XXXXXXXXXXXXXXXXXXXXXXX             -E---N---D-             XXXXXXXXXXXXXXXXXXXXXX 
2019-08-07 17:02:41,593 INFO  [Log] X 
2019-08-07 17:02:41,597 INFO  [Log] X 
2019-08-07 17:02:41,597 INFO  [Log] X 
2019-08-07 17:02:41,597 INFO  [Log] X 
2019-08-07 17:02:41,599 INFO  [Log] **************************************************************************************** 
2019-08-07 17:02:41,600 INFO  [Log] **************************************************************************************** 
2019-08-07 17:02:41,600 INFO  [Log] $$$$$$$$$$$$$$$$$$$$$                 loginTest       $$$$$$$$$$$$$$$$$$$$$$$$$ 
2019-08-07 17:02:41,600 INFO  [Log] **************************************************************************************** 
2019-08-07 17:03:44,221 INFO  [Log] **************************************************************************************** 
2019-08-07 17:03:44,222 INFO  [Log] **************************************************************************************** 
2019-08-07 17:03:44,222 INFO  [Log] $$$$$$$$$$$$$$$$$$$$$                 loginTest       $$$$$$$$$$$$$$$$$$$$$$$$$ 
2019-08-07 17:03:44,222 INFO  [Log] **************************************************************************************** 
2019-08-07 17:03:44,222 INFO  [Log] **************************************************************************************** 
2019-08-07 17:03:44,246 INFO  [Log] XXXXXXXXXXXXXXXXXXXXXXX             -E---N---D-             XXXXXXXXXXXXXXXXXXXXXX 
2019-08-07 17:03:44,246 INFO  [Log] X 
2019-08-07 17:03:44,250 INFO  [Log] X 
2019-08-07 17:03:44,250 INFO  [Log] X 
2019-08-07 17:03:44,250 INFO  [Log] X 
2019-08-07 17:03:44,252 INFO  [Log] **************************************************************************************** 
2019-08-07 17:03:44,253 INFO  [Log] **************************************************************************************** 
2019-08-07 17:03:44,253 INFO  [Log] $$$$$$$$$$$$$$$$$$$$$                 loginTest       $$$$$$$$$$$$$$$$$$$$$$$$$ 
2019-08-07 17:03:44,253 INFO  [Log] **************************************************************************************** 
2019-08-07 17:03:44,253 INFO  [Log] **************************************************************************************** 
2019-08-07 17:03:44,263 INFO  [Log] XXXXXXXXXXXXXXXXXXXXXXX             -E---N---D-             XXXXXXXXXXXXXXXXXXXXXX 
2019-08-07 17:03:44,264 INFO  [Log] X 
2019-08-07 17:03:44,264 INFO  [Log] X 
2019-08-07 17:03:44,264 INFO  [Log] X 
2019-08-07 17:03:44,264 INFO  [Log] X 
2019-08-07 17:04:08,570 INFO  [Log] **************************************************************************************** 
2019-08-07 17:04:08,572 INFO  [Log] **************************************************************************************** 
2019-08-07 17:04:08,572 INFO  [Log] $$$$$$$$$$$$$$$$$$$$$                 loginTest       $$$$$$$$$$$$$$$$$$$$$$$$$ 
2019-08-07 17:04:08,573 INFO  [Log] **************************************************************************************** 
2019-08-07 17:04:08,573 INFO  [Log] **************************************************************************************** 
2019-08-07 17:04:47,233 INFO  [Log] XXXXXXXXXXXXXXXXXXXXXXX             -E---N---D-             XXXXXXXXXXXXXXXXXXXXXX 
2019-08-07 17:04:47,233 INFO  [Log] X 
2019-08-07 17:04:47,238 INFO  [Log] X 
2019-08-07 17:04:47,238 INFO  [Log] X 
2019-08-07 17:04:47,238 INFO  [Log] X 
2019-08-07 17:04:50,401 INFO  [Log] **************************************************************************************** 
2019-08-07 17:04:50,402 INFO  [Log] **************************************************************************************** 
2019-08-07 17:04:50,402 INFO  [Log] $$$$$$$$$$$$$$$$$$$$$                 loginTest       $$$$$$$$$$$$$$$$$$$$$$$$$ 
2019-08-07 17:04:50,402 INFO  [Log] **************************************************************************************** 
2019-08-07 17:04:50,403 INFO  [Log] **************************************************************************************** 
2019-08-07 17:06:05,773 INFO  [Log] XXXXXXXXXXXXXXXXXXXXXXX             -E---N---D-             XXXXXXXXXXXXXXXXXXXXXX 
2019-08-07 17:06:05,773 INFO  [Log] X 
2019-08-07 17:06:05,774 INFO  [Log] X 
2019-08-07 17:06:05,774 INFO  [Log] X 
2019-08-07 17:06:05,774 INFO  [Log] X 
2019-08-07 17:06:28,801 INFO  [Log] **************************************************************************************** 
2019-08-07 17:06:28,802 INFO  [Log] **************************************************************************************** 
2019-08-07 17:06:28,803 INFO  [Log] $$$$$$$$$$$$$$$$$$$$$                 loginTest       $$$$$$$$$$$$$$$$$$$$$$$$$ 
2019-08-07 17:06:28,803 INFO  [Log] **************************************************************************************** 
2019-08-07 17:06:28,803 INFO  [Log] **************************************************************************************** 
2019-08-07 17:06:41,787 INFO  [Log] XXXXXXXXXXXXXXXXXXXXXXX             -E---N---D-             XXXXXXXXXXXXXXXXXXXXXX 
2019-08-07 17:06:41,788 INFO  [Log] X 
2019-08-07 17:06:41,793 INFO  [Log] X 
2019-08-07 17:06:41,793 INFO  [Log] X 
2019-08-07 17:06:41,794 INFO  [Log] X 
2019-08-07 17:06:43,840 INFO  [Log] **************************************************************************************** 
2019-08-07 17:06:43,841 INFO  [Log] **************************************************************************************** 
2019-08-07 17:06:43,841 INFO  [Log] $$$$$$$$$$$$$$$$$$$$$                 loginTest       $$$$$$$$$$$$$$$$$$$$$$$$$ 
2019-08-07 17:06:43,841 INFO  [Log] **************************************************************************************** 
2019-08-07 17:06:43,841 INFO  [Log] **************************************************************************************** 
2019-08-07 17:08:34,346 INFO  [Log] XXXXXXXXXXXXXXXXXXXXXXX             -E---N---D-             XXXXXXXXXXXXXXXXXXXXXX 
2019-08-07 17:08:34,347 INFO  [Log] X 
2019-08-07 17:08:34,350 INFO  [Log] X 
2019-08-07 17:08:34,350 INFO  [Log] X 
2019-08-07 17:08:34,350 INFO  [Log] X 
2019-08-07 17:09:25,938 INFO  [Log] **************************************************************************************** 
2019-08-07 17:09:25,940 INFO  [Log] **************************************************************************************** 
2019-08-07 17:09:25,940 INFO  [Log] $$$$$$$$$$$$$$$$$$$$$                 loginTest       $$$$$$$$$$$$$$$$$$$$$$$$$ 
2019-08-07 17:09:25,940 INFO  [Log] **************************************************************************************** 
2019-08-07 17:09:25,941 INFO  [Log] **************************************************************************************** 
2019-08-07 17:10:01,724 INFO  [Log] XXXXXXXXXXXXXXXXXXXXXXX             -E---N---D-             XXXXXXXXXXXXXXXXXXXXXX 
2019-08-07 17:10:01,725 INFO  [Log] X 
2019-08-07 17:10:01,730 INFO  [Log] X 
2019-08-07 17:10:01,730 INFO  [Log] X 
2019-08-07 17:10:01,730 INFO  [Log] X 
2019-08-07 17:10:03,143 INFO  [Log] **************************************************************************************** 
2019-08-07 17:10:03,143 INFO  [Log] **************************************************************************************** 
2019-08-07 17:10:03,144 INFO  [Log] $$$$$$$$$$$$$$$$$$$$$                 loginTest       $$$$$$$$$$$$$$$$$$$$$$$$$ 
2019-08-07 17:10:03,144 INFO  [Log] **************************************************************************************** 
2019-08-07 17:10:03,144 INFO  [Log] **************************************************************************************** 
2019-08-07 17:10:30,886 INFO  [Log] XXXXXXXXXXXXXXXXXXXXXXX             -E---N---D-             XXXXXXXXXXXXXXXXXXXXXX 
2019-08-07 17:10:30,886 INFO  [Log] X 
2019-08-07 17:10:30,891 INFO  [Log] X 
2019-08-07 17:10:30,891 INFO  [Log] X 
2019-08-07 17:10:30,891 INFO  [Log] X 
2019-08-07 18:33:21,391 INFO  [Log] **************************************************************************************** 
2019-08-07 18:33:21,391 INFO  [Log] **************************************************************************************** 
2019-08-07 18:33:21,391 INFO  [Log] $$$$$$$$$$$$$$$$$$$$$                 loginTest       $$$$$$$$$$$$$$$$$$$$$$$$$ 
2019-08-07 18:33:21,391 INFO  [Log] **************************************************************************************** 
2019-08-07 18:33:21,392 INFO  [Log] **************************************************************************************** 
2019-08-07 18:33:43,994 INFO  [Log] XXXXXXXXXXXXXXXXXXXXXXX             -E---N---D-             XXXXXXXXXXXXXXXXXXXXXX 
2019-08-07 18:33:43,995 INFO  [Log] X 
2019-08-07 18:33:44,019 INFO  [Log] X 
2019-08-07 18:33:44,019 INFO  [Log] X 
2019-08-07 18:33:44,019 INFO  [Log] X 
2019-08-07 18:33:44,879 INFO  [Log] **************************************************************************************** 
2019-08-07 18:33:44,880 INFO  [Log] **************************************************************************************** 
2019-08-07 18:33:44,880 INFO  [Log] $$$$$$$$$$$$$$$$$$$$$                 loginTest       $$$$$$$$$$$$$$$$$$$$$$$$$ 
2019-08-07 18:33:44,880 INFO  [Log] **************************************************************************************** 
2019-08-07 18:33:44,881 INFO  [Log] **************************************************************************************** 
2019-08-07 18:33:54,207 INFO  [Log] XXXXXXXXXXXXXXXXXXXXXXX             -E---N---D-             XXXXXXXXXXXXXXXXXXXXXX 
2019-08-07 18:33:54,207 INFO  [Log] X 
2019-08-07 18:33:54,230 INFO  [Log] X 
2019-08-07 18:33:54,231 INFO  [Log] X 
2019-08-07 18:33:54,231 INFO  [Log] X 
2019-08-07 18:35:30,505 INFO  [Log] **************************************************************************************** 
2019-08-07 18:35:30,505 INFO  [Log] **************************************************************************************** 
2019-08-07 18:35:30,505 INFO  [Log] $$$$$$$$$$$$$$$$$$$$$                 loginTest       $$$$$$$$$$$$$$$$$$$$$$$$$ 
2019-08-07 18:35:30,505 INFO  [Log] **************************************************************************************** 
2019-08-07 18:35:30,506 INFO  [Log] **************************************************************************************** 
2019-08-07 18:35:30,521 INFO  [Log] XXXXXXXXXXXXXXXXXXXXXXX             -E---N---D-             XXXXXXXXXXXXXXXXXXXXXX 
2019-08-07 18:35:30,521 INFO  [Log] X 
2019-08-07 18:35:30,544 INFO  [Log] X 
2019-08-07 18:35:30,544 INFO  [Log] X 
2019-08-07 18:35:30,544 INFO  [Log] X 
2019-08-07 18:35:30,545 INFO  [Log] **************************************************************************************** 
2019-08-07 18:35:30,545 INFO  [Log] **************************************************************************************** 
2019-08-07 18:35:30,546 INFO  [Log] $$$$$$$$$$$$$$$$$$$$$                 loginTest       $$$$$$$$$$$$$$$$$$$$$$$$$ 
2019-08-07 18:35:30,546 INFO  [Log] **************************************************************************************** 
2019-08-07 18:35:30,546 INFO  [Log] **************************************************************************************** 
2019-08-07 18:35:30,546 INFO  [Log] XXXXXXXXXXXXXXXXXXXXXXX             -E---N---D-             XXXXXXXXXXXXXXXXXXXXXX 
2019-08-07 18:35:30,546 INFO  [Log] X 
2019-08-07 18:35:30,546 INFO  [Log] X 
2019-08-07 18:35:30,547 INFO  [Log] X 
2019-08-07 18:35:30,548 INFO  [Log] X 
2019-08-07 18:35:30,549 INFO  [Log] **************************************************************************************** 
2019-08-07 18:35:30,549 INFO  [Log] **************************************************************************************** 
2019-08-07 18:35:30,549 INFO  [Log] $$$$$$$$$$$$$$$$$$$$$                 loginTest       $$$$$$$$$$$$$$$$$$$$$$$$$ 
2019-08-07 18:35:30,549 INFO  [Log] **************************************************************************************** 
2019-08-07 18:35:30,549 INFO  [Log] **************************************************************************************** 
2019-08-07 18:35:30,557 INFO  [Log] XXXXXXXXXXXXXXXXXXXXXXX             -E---N---D-             XXXXXXXXXXXXXXXXXXXXXX 
2019-08-07 18:35:30,557 INFO  [Log] X 
2019-08-07 18:35:30,557 INFO  [Log] X 
2019-08-07 18:35:30,557 INFO  [Log] X 
2019-08-07 18:35:30,557 INFO  [Log] X 
2019-08-07 18:38:26,309 INFO  [Log] **************************************************************************************** 
2019-08-07 18:38:26,311 INFO  [Log] **************************************************************************************** 
2019-08-07 18:38:26,311 INFO  [Log] $$$$$$$$$$$$$$$$$$$$$                 loginTest       $$$$$$$$$$$$$$$$$$$$$$$$$ 
2019-08-07 18:38:26,311 INFO  [Log] **************************************************************************************** 
2019-08-07 18:38:26,312 INFO  [Log] **************************************************************************************** 
2019-08-07 18:38:33,936 INFO  [Log] XXXXXXXXXXXXXXXXXXXXXXX             -E---N---D-             XXXXXXXXXXXXXXXXXXXXXX 
2019-08-07 18:38:33,937 INFO  [Log] X 
2019-08-07 18:38:33,960 INFO  [Log] X 
2019-08-07 18:38:33,961 INFO  [Log] X 
2019-08-07 18:38:33,961 INFO  [Log] X 
2019-08-07 18:38:37,718 INFO  [Log] **************************************************************************************** 
2019-08-07 18:38:37,719 INFO  [Log] **************************************************************************************** 
2019-08-07 18:38:37,720 INFO  [Log] $$$$$$$$$$$$$$$$$$$$$                 loginTest       $$$$$$$$$$$$$$$$$$$$$$$$$ 
2019-08-07 18:38:37,720 INFO  [Log] **************************************************************************************** 
2019-08-07 18:38:37,720 INFO  [Log] **************************************************************************************** 
2019-08-07 18:38:49,543 INFO  [Log] XXXXXXXXXXXXXXXXXXXXXXX             -E---N---D-             XXXXXXXXXXXXXXXXXXXXXX 
2019-08-07 18:38:49,544 INFO  [Log] X 
2019-08-07 18:38:49,567 INFO  [Log] X 
2019-08-07 18:38:49,568 INFO  [Log] X 
2019-08-07 18:38:49,568 INFO  [Log] X 
2019-08-07 18:39:28,721 INFO  [Log] **************************************************************************************** 
2019-08-07 18:39:28,725 INFO  [Log] **************************************************************************************** 
2019-08-07 18:39:28,726 INFO  [Log] $$$$$$$$$$$$$$$$$$$$$                 loginTest       $$$$$$$$$$$$$$$$$$$$$$$$$ 
2019-08-07 18:39:28,727 INFO  [Log] **************************************************************************************** 
2019-08-07 18:39:28,727 INFO  [Log] **************************************************************************************** 
2019-08-07 18:39:54,173 INFO  [Log] XXXXXXXXXXXXXXXXXXXXXXX             -E---N---D-             XXXXXXXXXXXXXXXXXXXXXX 
2019-08-07 18:39:54,173 INFO  [Log] X 
2019-08-07 18:39:54,197 INFO  [Log] X 
2019-08-07 18:39:54,197 INFO  [Log] X 
2019-08-07 18:39:54,197 INFO  [Log] X 
2019-08-07 18:39:55,903 INFO  [Log] **************************************************************************************** 
2019-08-07 18:39:55,904 INFO  [Log] **************************************************************************************** 
2019-08-07 18:39:55,905 INFO  [Log] $$$$$$$$$$$$$$$$$$$$$                 loginTest       $$$$$$$$$$$$$$$$$$$$$$$$$ 
2019-08-07 18:39:55,905 INFO  [Log] **************************************************************************************** 
2019-08-07 18:39:55,905 INFO  [Log] **************************************************************************************** 
2019-08-07 18:52:47,656 INFO  [Log] **************************************************************************************** 
2019-08-07 18:52:47,657 INFO  [Log] **************************************************************************************** 
2019-08-07 18:52:47,657 INFO  [Log] $$$$$$$$$$$$$$$$$$$$$                 loginTest1       $$$$$$$$$$$$$$$$$$$$$$$$$ 
2019-08-07 18:52:47,657 INFO  [Log] **************************************************************************************** 
2019-08-07 18:52:47,657 INFO  [Log] **************************************************************************************** 
2019-08-07 18:52:47,677 INFO  [Log] XXXXXXXXXXXXXXXXXXXXXXX             -E---N---D-             XXXXXXXXXXXXXXXXXXXXXX 
2019-08-07 18:52:47,677 INFO  [Log] X 
2019-08-07 18:52:47,677 INFO  [Log] X 
2019-08-07 18:52:47,677 INFO  [Log] X 
2019-08-07 18:52:47,677 INFO  [Log] X 
2019-08-07 18:52:47,679 INFO  [Log] **************************************************************************************** 
2019-08-07 18:52:47,679 INFO  [Log] **************************************************************************************** 
2019-08-07 18:52:47,679 INFO  [Log] $$$$$$$$$$$$$$$$$$$$$                 loginTest1       $$$$$$$$$$$$$$$$$$$$$$$$$ 
2019-08-07 18:52:47,679 INFO  [Log] **************************************************************************************** 
2019-08-07 18:52:47,679 INFO  [Log] **************************************************************************************** 
2019-08-07 18:52:49,410 INFO  [Log] 2019_08_07_18_52_49-Total nuber of jira tickets for the query: project = TGAF AND issuetype = Bug are >> 29 
2019-08-07 18:52:50,367 INFO  [Log] 2019_08_07_18_52_50-Ticket with same label is already exist. Ticket id is: TGAF-132 
2019-08-07 18:52:52,380 INFO  [Log] 2019_08_07_18_52_52-Please reopen the issue manually: TGAF-132 
2019-08-07 18:52:52,381 INFO  [Log] 2019_08_07_18_52_52-Test Automation Bug: loginTest1 :bug already exists 
2019-08-07 18:52:52,390 INFO  [Log] XXXXXXXXXXXXXXXXXXXXXXX             -E---N---D-             XXXXXXXXXXXXXXXXXXXXXX 
2019-08-07 18:52:52,390 INFO  [Log] X 
2019-08-07 18:52:52,390 INFO  [Log] X 
2019-08-07 18:52:52,390 INFO  [Log] X 
2019-08-07 18:52:52,390 INFO  [Log] X 
2019-08-07 19:03:03,811 INFO  [Log] **************************************************************************************** 
2019-08-07 19:03:03,812 INFO  [Log] **************************************************************************************** 
2019-08-07 19:03:03,813 INFO  [Log] $$$$$$$$$$$$$$$$$$$$$                 loginTest1       $$$$$$$$$$$$$$$$$$$$$$$$$ 
2019-08-07 19:03:03,813 INFO  [Log] **************************************************************************************** 
2019-08-07 19:03:03,813 INFO  [Log] **************************************************************************************** 
2019-08-07 19:03:11,950 INFO  [Log] XXXXXXXXXXXXXXXXXXXXXXX             -E---N---D-             XXXXXXXXXXXXXXXXXXXXXX 
2019-08-07 19:03:11,951 INFO  [Log] X 
2019-08-07 19:03:11,954 INFO  [Log] X 
2019-08-07 19:03:11,954 INFO  [Log] X 
2019-08-07 19:03:11,954 INFO  [Log] X 
2019-08-07 19:03:21,743 INFO  [Log] **************************************************************************************** 
2019-08-07 19:03:21,743 INFO  [Log] **************************************************************************************** 
2019-08-07 19:03:21,743 INFO  [Log] $$$$$$$$$$$$$$$$$$$$$                 loginTest1       $$$$$$$$$$$$$$$$$$$$$$$$$ 
2019-08-07 19:03:21,743 INFO  [Log] **************************************************************************************** 
2019-08-07 19:03:21,743 INFO  [Log] **************************************************************************************** 
2019-08-07 19:03:30,260 INFO  [Log] XXXXXXXXXXXXXXXXXXXXXXX             -E---N---D-             XXXXXXXXXXXXXXXXXXXXXX 
2019-08-07 19:03:30,261 INFO  [Log] X 
2019-08-07 19:03:30,284 INFO  [Log] X 
2019-08-07 19:03:30,285 INFO  [Log] X 
2019-08-07 19:03:30,285 INFO  [Log] X 
2019-08-07 19:04:21,066 INFO  [Log] **************************************************************************************** 
2019-08-07 19:04:21,068 INFO  [Log] **************************************************************************************** 
2019-08-07 19:04:21,068 INFO  [Log] $$$$$$$$$$$$$$$$$$$$$                 loginTest1       $$$$$$$$$$$$$$$$$$$$$$$$$ 
2019-08-07 19:04:21,069 INFO  [Log] **************************************************************************************** 
2019-08-07 19:04:21,069 INFO  [Log] **************************************************************************************** 
2019-08-07 19:04:29,035 INFO  [Log] XXXXXXXXXXXXXXXXXXXXXXX             -E---N---D-             XXXXXXXXXXXXXXXXXXXXXX 
2019-08-07 19:04:29,036 INFO  [Log] X 
2019-08-07 19:04:29,060 INFO  [Log] X 
2019-08-07 19:04:29,060 INFO  [Log] X 
2019-08-07 19:04:29,060 INFO  [Log] X 
2019-08-07 19:04:30,138 INFO  [Log] **************************************************************************************** 
2019-08-07 19:04:30,139 INFO  [Log] **************************************************************************************** 
2019-08-07 19:04:30,139 INFO  [Log] $$$$$$$$$$$$$$$$$$$$$                 loginTest1       $$$$$$$$$$$$$$$$$$$$$$$$$ 
2019-08-07 19:04:30,140 INFO  [Log] **************************************************************************************** 
2019-08-07 19:04:30,140 INFO  [Log] **************************************************************************************** 
2019-08-07 19:04:47,422 INFO  [Log] XXXXXXXXXXXXXXXXXXXXXXX             -E---N---D-             XXXXXXXXXXXXXXXXXXXXXX 
2019-08-07 19:04:47,422 INFO  [Log] X 
2019-08-07 19:04:47,445 INFO  [Log] X 
2019-08-07 19:04:47,445 INFO  [Log] X 
2019-08-07 19:04:47,445 INFO  [Log] X 
2019-08-07 19:05:26,917 INFO  [Log] **************************************************************************************** 
2019-08-07 19:05:26,919 INFO  [Log] **************************************************************************************** 
2019-08-07 19:05:26,919 INFO  [Log] $$$$$$$$$$$$$$$$$$$$$                 loginTest1       $$$$$$$$$$$$$$$$$$$$$$$$$ 
2019-08-07 19:05:26,920 INFO  [Log] **************************************************************************************** 
2019-08-07 19:05:26,920 INFO  [Log] **************************************************************************************** 
2019-08-07 19:05:30,099 INFO  [Log] XXXXXXXXXXXXXXXXXXXXXXX             -E---N---D-             XXXXXXXXXXXXXXXXXXXXXX 
2019-08-07 19:05:30,100 INFO  [Log] X 
2019-08-07 19:05:30,123 INFO  [Log] X 
2019-08-07 19:05:30,123 INFO  [Log] X 
2019-08-07 19:05:30,124 INFO  [Log] X 
2019-08-07 19:05:30,902 INFO  [Log] **************************************************************************************** 
2019-08-07 19:05:30,903 INFO  [Log] **************************************************************************************** 
2019-08-07 19:05:30,903 INFO  [Log] $$$$$$$$$$$$$$$$$$$$$                 loginTest1       $$$$$$$$$$$$$$$$$$$$$$$$$ 
2019-08-07 19:05:30,903 INFO  [Log] **************************************************************************************** 
2019-08-07 19:05:30,904 INFO  [Log] **************************************************************************************** 
2019-08-07 19:12:21,382 INFO  [Log] **************************************************************************************** 
2019-08-07 19:12:21,382 INFO  [Log] **************************************************************************************** 
2019-08-07 19:12:21,382 INFO  [Log] $$$$$$$$$$$$$$$$$$$$$                 loginTest1       $$$$$$$$$$$$$$$$$$$$$$$$$ 
2019-08-07 19:12:21,382 INFO  [Log] **************************************************************************************** 
2019-08-07 19:12:21,382 INFO  [Log] **************************************************************************************** 
2019-08-07 19:12:21,401 INFO  [Log] XXXXXXXXXXXXXXXXXXXXXXX             -E---N---D-             XXXXXXXXXXXXXXXXXXXXXX 
2019-08-07 19:12:21,402 INFO  [Log] X 
2019-08-07 19:12:21,405 INFO  [Log] X 
2019-08-07 19:12:21,406 INFO  [Log] X 
2019-08-07 19:12:21,406 INFO  [Log] X 
2019-08-07 19:12:21,407 INFO  [Log] **************************************************************************************** 
2019-08-07 19:12:21,407 INFO  [Log] **************************************************************************************** 
2019-08-07 19:12:21,407 INFO  [Log] $$$$$$$$$$$$$$$$$$$$$                 loginTest1       $$$$$$$$$$$$$$$$$$$$$$$$$ 
2019-08-07 19:12:21,408 INFO  [Log] **************************************************************************************** 
2019-08-07 19:12:21,408 INFO  [Log] **************************************************************************************** 
2019-08-07 19:12:21,418 INFO  [Log] XXXXXXXXXXXXXXXXXXXXXXX             -E---N---D-             XXXXXXXXXXXXXXXXXXXXXX 
2019-08-07 19:12:21,418 INFO  [Log] X 
2019-08-07 19:12:21,418 INFO  [Log] X 
2019-08-07 19:12:21,418 INFO  [Log] X 
2019-08-07 19:12:21,418 INFO  [Log] X 
2019-08-07 19:16:28,587 INFO  [Log] **************************************************************************************** 
2019-08-07 19:16:28,587 INFO  [Log] **************************************************************************************** 
2019-08-07 19:16:28,587 INFO  [Log] $$$$$$$$$$$$$$$$$$$$$                 loginTest1       $$$$$$$$$$$$$$$$$$$$$$$$$ 
2019-08-07 19:16:28,587 INFO  [Log] **************************************************************************************** 
2019-08-07 19:16:28,588 INFO  [Log] **************************************************************************************** 
2019-08-07 19:16:28,606 INFO  [Log] XXXXXXXXXXXXXXXXXXXXXXX             -E---N---D-             XXXXXXXXXXXXXXXXXXXXXX 
2019-08-07 19:16:28,606 INFO  [Log] X 
2019-08-07 19:16:28,629 INFO  [Log] X 
2019-08-07 19:16:28,629 INFO  [Log] X 
2019-08-07 19:16:28,629 INFO  [Log] X 
2019-08-07 19:16:28,630 INFO  [Log] **************************************************************************************** 
2019-08-07 19:16:28,630 INFO  [Log] **************************************************************************************** 
2019-08-07 19:16:28,630 INFO  [Log] $$$$$$$$$$$$$$$$$$$$$                 loginTest1       $$$$$$$$$$$$$$$$$$$$$$$$$ 
2019-08-07 19:16:28,630 INFO  [Log] **************************************************************************************** 
2019-08-07 19:16:28,631 INFO  [Log] **************************************************************************************** 
2019-08-07 19:16:28,640 INFO  [Log] XXXXXXXXXXXXXXXXXXXXXXX             -E---N---D-             XXXXXXXXXXXXXXXXXXXXXX 
2019-08-07 19:16:28,640 INFO  [Log] X 
2019-08-07 19:16:28,640 INFO  [Log] X 
2019-08-07 19:16:28,640 INFO  [Log] X 
2019-08-07 19:16:28,640 INFO  [Log] X 
2019-08-07 19:46:44,595 INFO  [Log] **************************************************************************************** 
2019-08-07 19:46:44,597 INFO  [Log] **************************************************************************************** 
2019-08-07 19:46:44,597 INFO  [Log] $$$$$$$$$$$$$$$$$$$$$                 loginTest1       $$$$$$$$$$$$$$$$$$$$$$$$$ 
2019-08-07 19:46:44,597 INFO  [Log] **************************************************************************************** 
2019-08-07 19:46:44,598 INFO  [Log] **************************************************************************************** 
2019-08-07 19:46:57,218 INFO  [Log] XXXXXXXXXXXXXXXXXXXXXXX             -E---N---D-             XXXXXXXXXXXXXXXXXXXXXX 
2019-08-07 19:46:57,219 INFO  [Log] X 
2019-08-07 19:46:57,242 INFO  [Log] X 
2019-08-07 19:46:57,242 INFO  [Log] X 
2019-08-07 19:46:57,242 INFO  [Log] X 
2019-08-07 19:51:26,241 INFO  [Log] **************************************************************************************** 
2019-08-07 19:51:26,242 INFO  [Log] **************************************************************************************** 
2019-08-07 19:51:26,242 INFO  [Log] $$$$$$$$$$$$$$$$$$$$$                 loginTest1       $$$$$$$$$$$$$$$$$$$$$$$$$ 
2019-08-07 19:51:26,242 INFO  [Log] **************************************************************************************** 
2019-08-07 19:51:26,243 INFO  [Log] **************************************************************************************** 
2019-08-07 19:51:42,839 INFO  [Log] XXXXXXXXXXXXXXXXXXXXXXX             -E---N---D-             XXXXXXXXXXXXXXXXXXXXXX 
2019-08-07 19:51:42,840 INFO  [Log] X 
2019-08-07 19:51:42,864 INFO  [Log] X 
2019-08-07 19:51:42,864 INFO  [Log] X 
2019-08-07 19:51:42,864 INFO  [Log] X 
2019-08-07 19:51:42,868 INFO  [Log] **************************************************************************************** 
2019-08-07 19:51:42,869 INFO  [Log] **************************************************************************************** 
2019-08-07 19:51:42,869 INFO  [Log] $$$$$$$$$$$$$$$$$$$$$                 loginTest1       $$$$$$$$$$$$$$$$$$$$$$$$$ 
2019-08-07 19:51:42,870 INFO  [Log] **************************************************************************************** 
2019-08-07 19:51:42,870 INFO  [Log] **************************************************************************************** 
2019-08-07 19:51:42,911 INFO  [Log] XXXXXXXXXXXXXXXXXXXXXXX             -E---N---D-             XXXXXXXXXXXXXXXXXXXXXX 
2019-08-07 19:51:42,911 INFO  [Log] X 
2019-08-07 19:51:42,912 INFO  [Log] X 
2019-08-07 19:51:42,913 INFO  [Log] X 
2019-08-07 19:51:42,913 INFO  [Log] X 
